07/28/2020 18:14:10 INICIANDO...
07/28/2020 18:14:10 2.6.0.11
07/28/2020 18:14:10 Usuário: almer(Administrador)
07/28/2020 18:14:10 Versão do Sistema Operacional: 6.2.9200
07/28/2020 18:14:10 64 Bits: true
07/28/2020 18:14:10 Versão do Firefox. 71.0.0.7275 ( 71.0 )
07/28/2020 18:14:10 UAC: Ativado
07/28/2020 18:14:10 Verificando se Firefox está instalado...
07/28/2020 18:14:10 Firefox instalado, ajustando configurações necessárias...
07/28/2020 18:14:10 [Verificando Ambiente] Verificando...
07/28/2020 18:14:10 [Verificando Ambiente] Ativando Transport Layer Security (TLS)
07/28/2020 18:14:11 [Verificando Ambiente] Ok.
07/28/2020 18:14:11 [Arquivo hosts] Verificando...
07/28/2020 18:14:11 [Arquivo hosts] Ok.
07/28/2020 18:14:11 [Instalação de certificados raiz] Verificando...
07/28/2020 18:14:11 [Instalação de certificados raiz] Efetuando download do instalador...
07/28/2020 18:14:15 [Instalação de certificados raiz] Instalando...
07/28/2020 18:14:15 [Instalação de certificados raiz] Ok.
07/28/2020 18:14:15 [Terminal Services] Verificando...
07/28/2020 18:14:15 [Terminal Services] Ok.
07/28/2020 18:14:15 [Limpeza do cache IE] Verificando...
07/28/2020 18:14:16 [Limpeza do cache IE] Limpando...
07/28/2020 18:14:16 [Limpeza do cache IE] Ok.
07/28/2020 18:14:16 [Limpeza do cache MZ] Verificando...
07/28/2020 18:14:17 [Limpeza do cache MZ] Ok.
07/28/2020 18:14:17 [Instalando Módulo de Segurança] Verificando...
07/28/2020 18:14:17 [Instalando Módulo de Segurança] Efetuando download do instalador...
07/28/2020 18:15:26 [Instalando Módulo de Segurança] Instalando...
07/28/2020 18:16:12 [Instalando Módulo de Segurança] Ok.
07/28/2020 18:16:12 [Preparando Ambiente] Verificando...
07/28/2020 18:16:12 [Preparando Ambiente] Ok.
07/28/2020 18:16:12 [Configurações do Módulo de Segurança] Verificando...
07/28/2020 18:16:12 [Configurações do Módulo de Segurança] Ok.
07/28/2020 18:16:12 [Instalando configurações da CAIXA] Verificando...
07/28/2020 18:18:24 [Instalando configurações da CAIXA] Ok.
07/28/2020 18:18:24 [Instalando certificado do Warsaw no Firefox] Verificando...
07/28/2020 18:18:24 [Instalando certificado do Warsaw no Firefox] Instalando...
07/28/2020 18:18:26 [Instalando certificado do Warsaw no Firefox] Ok.
07/28/2020 18:18:26 [Ajustando ambiente] Verificando...
07/28/2020 18:18:26 [Ajustando ambiente] Ok.
07/28/2020 18:18:26 [Concluindo execucao] Verificando...
07/28/2020 18:18:37 [Concluindo execucao] CONCLUÍDO.
07/28/2020 18:18:37 CONCLUÍDO.
